<?xml version="1.0" encoding="UTF-8"?>
<!-- Generated by org.testng.reporters.JUnitReportReporter -->
<testsuite hostname="DESKTOP-NT3A27A" failures="0" tests="1" name="demo.RunCucumberTest" time="7.090" errors="0" timestamp="2022-11-10T11:35:17 ICT" skipped="0">
  <testcase classname="demo.RunCucumberTest" name="runScenario" time="7.090"/>
  <system-out/>
</testsuite> <!-- demo.RunCucumberTest -->
