<?xml version="1.0" encoding="UTF-8"?>
<!-- Generated by org.testng.reporters.JUnitReportReporter -->
<testsuite hostname="DESKTOP-NT3A27A" failures="0" tests="1" name="demo.RunCucumberTest" time="6.915" errors="0" timestamp="2022-11-09T14:27:14 ICT" skipped="0">
  <testcase classname="demo.RunCucumberTest" name="runScenario" time="6.915"/>
  <system-out/>
</testsuite> <!-- demo.RunCucumberTest -->
